[0926/205759.395:ERROR:process_info.cc(329)] VirtualQueryEx: Access is denied. (0x5)
[0926/205759.396:ERROR:process_info.cc(556)] ReadMemoryInfo failed
[0926/205759.396:ERROR:process_memory_win.cc(39)] Failed to initialize ProcessInfo.
[0926/205759.396:ERROR:scoped_process_suspend.cc(40)] NtResumeProcess: An attempt was made to access an exiting process. (0xc000010a)
[0928/145622.064:ERROR:process_reader_win.cc(123)] NtOpenThread: {Access Denied} A process has requested access to an object, but has not been granted those access rights. (0xc0000022)
[0928/145622.065:ERROR:exception_snapshot_win.cc(99)] thread ID 35476 not found in process
[0928/145622.082:ERROR:process_reader_win.cc(123)] NtOpenThread: {Access Denied} A process has requested access to an object, but has not been granted those access rights. (0xc0000022)
[0928/145622.082:ERROR:exception_snapshot_win.cc(99)] thread ID 7972 not found in process
[0928/145622.416:ERROR:process_reader_win.cc(123)] NtOpenThread: {Access Denied} A process has requested access to an object, but has not been granted those access rights. (0xc0000022)
[0928/145622.417:ERROR:exception_snapshot_win.cc(99)] thread ID 6576 not found in process
[0928/145622.429:ERROR:process_reader_win.cc(123)] NtOpenThread: {Access Denied} A process has requested access to an object, but has not been granted those access rights. (0xc0000022)
[0928/145622.429:ERROR:exception_snapshot_win.cc(99)] thread ID 32556 not found in process
[0928/145622.867:ERROR:process_reader_win.cc(123)] NtOpenThread: {Access Denied} A process has requested access to an object, but has not been granted those access rights. (0xc0000022)
[0928/145622.868:ERROR:exception_snapshot_win.cc(99)] thread ID 34736 not found in process
[0928/145622.896:ERROR:process_reader_win.cc(123)] NtOpenThread: {Access Denied} A process has requested access to an object, but has not been granted those access rights. (0xc0000022)
[0928/145622.896:ERROR:exception_snapshot_win.cc(99)] thread ID 34744 not found in process
[0928/145623.040:ERROR:process_reader_win.cc(123)] NtOpenThread: {Access Denied} A process has requested access to an object, but has not been granted those access rights. (0xc0000022)
[0928/145623.041:ERROR:exception_snapshot_win.cc(99)] thread ID 24672 not found in process
[0928/145623.067:ERROR:process_reader_win.cc(123)] NtOpenThread: {Access Denied} A process has requested access to an object, but has not been granted those access rights. (0xc0000022)
[0928/145623.068:ERROR:exception_snapshot_win.cc(99)] thread ID 23400 not found in process
[0928/145623.258:ERROR:process_reader_win.cc(123)] NtOpenThread: {Access Denied} A process has requested access to an object, but has not been granted those access rights. (0xc0000022)
[0928/145623.259:ERROR:exception_snapshot_win.cc(99)] thread ID 32812 not found in process
[0928/145623.276:ERROR:process_reader_win.cc(123)] NtOpenThread: {Access Denied} A process has requested access to an object, but has not been granted those access rights. (0xc0000022)
[0928/145623.276:ERROR:exception_snapshot_win.cc(99)] thread ID 31964 not found in process
[0928/145623.393:ERROR:process_reader_win.cc(123)] NtOpenThread: {Access Denied} A process has requested access to an object, but has not been granted those access rights. (0xc0000022)
[0928/145623.394:ERROR:exception_snapshot_win.cc(99)] thread ID 33620 not found in process
[0928/145623.408:ERROR:process_reader_win.cc(123)] NtOpenThread: {Access Denied} A process has requested access to an object, but has not been granted those access rights. (0xc0000022)
[0928/145623.408:ERROR:exception_snapshot_win.cc(99)] thread ID 23068 not found in process
[0928/145623.526:ERROR:process_reader_win.cc(123)] NtOpenThread: {Access Denied} A process has requested access to an object, but has not been granted those access rights. (0xc0000022)
[0928/145623.527:ERROR:exception_snapshot_win.cc(99)] thread ID 12452 not found in process
[0928/145623.548:ERROR:process_reader_win.cc(123)] NtOpenThread: {Access Denied} A process has requested access to an object, but has not been granted those access rights. (0xc0000022)
[0928/145623.548:ERROR:exception_snapshot_win.cc(99)] thread ID 22236 not found in process
[0928/145623.730:ERROR:process_reader_win.cc(123)] NtOpenThread: {Access Denied} A process has requested access to an object, but has not been granted those access rights. (0xc0000022)
[0928/145623.732:ERROR:exception_snapshot_win.cc(99)] thread ID 28736 not found in process
[0928/145623.757:ERROR:process_reader_win.cc(123)] NtOpenThread: {Access Denied} A process has requested access to an object, but has not been granted those access rights. (0xc0000022)
[0928/145623.757:ERROR:exception_snapshot_win.cc(99)] thread ID 13636 not found in process
[0928/145623.998:ERROR:process_reader_win.cc(123)] NtOpenThread: {Access Denied} A process has requested access to an object, but has not been granted those access rights. (0xc0000022)
[0928/145624.000:ERROR:exception_snapshot_win.cc(99)] thread ID 26852 not found in process
[0928/145624.025:ERROR:process_reader_win.cc(123)] NtOpenThread: {Access Denied} A process has requested access to an object, but has not been granted those access rights. (0xc0000022)
[0928/145624.026:ERROR:exception_snapshot_win.cc(99)] thread ID 35228 not found in process
[0928/145624.226:ERROR:process_reader_win.cc(123)] NtOpenThread: {Access Denied} A process has requested access to an object, but has not been granted those access rights. (0xc0000022)
[0928/145624.227:ERROR:exception_snapshot_win.cc(99)] thread ID 32500 not found in process
[0928/145624.245:ERROR:process_reader_win.cc(123)] NtOpenThread: {Access Denied} A process has requested access to an object, but has not been granted those access rights. (0xc0000022)
[0928/145624.245:ERROR:exception_snapshot_win.cc(99)] thread ID 35832 not found in process
[0928/145624.584:ERROR:process_reader_win.cc(123)] NtOpenThread: {Access Denied} A process has requested access to an object, but has not been granted those access rights. (0xc0000022)
[0928/145624.586:ERROR:exception_snapshot_win.cc(99)] thread ID 5448 not found in process
[0928/145624.609:ERROR:process_reader_win.cc(123)] NtOpenThread: {Access Denied} A process has requested access to an object, but has not been granted those access rights. (0xc0000022)
[0928/145624.609:ERROR:exception_snapshot_win.cc(99)] thread ID 17272 not found in process
[0928/145624.856:ERROR:process_reader_win.cc(123)] NtOpenThread: {Access Denied} A process has requested access to an object, but has not been granted those access rights. (0xc0000022)
[0928/145624.857:ERROR:exception_snapshot_win.cc(99)] thread ID 35600 not found in process
[0928/145624.878:ERROR:process_reader_win.cc(123)] NtOpenThread: {Access Denied} A process has requested access to an object, but has not been granted those access rights. (0xc0000022)
[0928/145624.879:ERROR:exception_snapshot_win.cc(99)] thread ID 21600 not found in process
[0928/145625.117:ERROR:process_reader_win.cc(123)] NtOpenThread: {Access Denied} A process has requested access to an object, but has not been granted those access rights. (0xc0000022)
[0928/145625.119:ERROR:exception_snapshot_win.cc(99)] thread ID 27868 not found in process
[0928/145625.142:ERROR:process_reader_win.cc(123)] NtOpenThread: {Access Denied} A process has requested access to an object, but has not been granted those access rights. (0xc0000022)
[0928/145625.142:ERROR:exception_snapshot_win.cc(99)] thread ID 35344 not found in process
[0928/145625.374:ERROR:process_reader_win.cc(123)] NtOpenThread: {Access Denied} A process has requested access to an object, but has not been granted those access rights. (0xc0000022)
[0928/145625.375:ERROR:exception_snapshot_win.cc(99)] thread ID 26088 not found in process
[0928/145625.389:ERROR:process_reader_win.cc(123)] NtOpenThread: {Access Denied} A process has requested access to an object, but has not been granted those access rights. (0xc0000022)
[0928/145625.389:ERROR:exception_snapshot_win.cc(99)] thread ID 32324 not found in process
[0928/145625.581:ERROR:process_reader_win.cc(123)] NtOpenThread: {Access Denied} A process has requested access to an object, but has not been granted those access rights. (0xc0000022)
[0928/145625.582:ERROR:exception_snapshot_win.cc(99)] thread ID 34360 not found in process
[0928/145625.599:ERROR:process_reader_win.cc(123)] NtOpenThread: {Access Denied} A process has requested access to an object, but has not been granted those access rights. (0xc0000022)
[0928/145625.599:ERROR:exception_snapshot_win.cc(99)] thread ID 34372 not found in process
[0928/145625.799:ERROR:process_reader_win.cc(123)] NtOpenThread: {Access Denied} A process has requested access to an object, but has not been granted those access rights. (0xc0000022)
[0928/145625.801:ERROR:exception_snapshot_win.cc(99)] thread ID 30904 not found in process
[0928/145625.826:ERROR:process_reader_win.cc(123)] NtOpenThread: {Access Denied} A process has requested access to an object, but has not been granted those access rights. (0xc0000022)
[0928/145625.826:ERROR:exception_snapshot_win.cc(99)] thread ID 17212 not found in process
[0928/145626.038:ERROR:process_reader_win.cc(123)] NtOpenThread: {Access Denied} A process has requested access to an object, but has not been granted those access rights. (0xc0000022)
[0928/145626.039:ERROR:exception_snapshot_win.cc(99)] thread ID 24984 not found in process
[0928/145626.065:ERROR:process_reader_win.cc(123)] NtOpenThread: {Access Denied} A process has requested access to an object, but has not been granted those access rights. (0xc0000022)
[0928/145626.065:ERROR:exception_snapshot_win.cc(99)] thread ID 25560 not found in process
[0928/145626.245:ERROR:process_reader_win.cc(123)] NtOpenThread: {Access Denied} A process has requested access to an object, but has not been granted those access rights. (0xc0000022)
[0928/145626.246:ERROR:exception_snapshot_win.cc(99)] thread ID 31020 not found in process
[0928/145626.264:ERROR:process_reader_win.cc(123)] NtOpenThread: {Access Denied} A process has requested access to an object, but has not been granted those access rights. (0xc0000022)
[0928/145626.264:ERROR:exception_snapshot_win.cc(99)] thread ID 8556 not found in process
